<?xml version="1.0" encoding="UTF-8"?>
<!-- Generated by org.testng.reporters.JUnitReportReporter -->
<testsuite hostname="PC" failures="0" tests="3" name="pack.classe1" time="46.992" errors="0" timestamp="2021-02-06T09:26:38 CET" skipped="0">
  <testcase classname="pack.classe1" name="zTest1" time="13.866"/>
  <system-out/>
  <testcase classname="pack.classe1" name="zTest1" time="15.079"/>
  <system-out/>
  <testcase classname="pack.classe1" name="zTest1" time="18.047"/>
  <system-out/>
</testsuite> <!-- pack.classe1 -->
