<?xml version="1.0" encoding="UTF-8"?>
<!-- Generated by org.testng.reporters.JUnitReportReporter -->
<testsuite hostname="PC" failures="0" tests="1" name="pack.classe4" time="11.295" errors="0" timestamp="2021-02-06T10:08:08 WAT" skipped="0">
  <testcase classname="pack.classe4" name="Test4" time="11.295"/>
  <system-out/>
</testsuite> <!-- pack.classe4 -->
