<?xml version="1.0" encoding="UTF-8"?>
<!-- Generated by org.testng.reporters.JUnitReportReporter -->
<testsuite hostname="PC" failures="0" tests="3" name="pack.Test_classe1" time="45.161" errors="0" timestamp="2021-02-06T10:05:44 WAT" skipped="0">
  <testcase classname="pack.Test_classe1" name="zTest1" time="13.578"/>
  <system-out/>
  <testcase classname="pack.Test_classe1" name="zTest1" time="16.029"/>
  <system-out/>
  <testcase classname="pack.Test_classe1" name="zTest1" time="15.554"/>
  <system-out/>
</testsuite> <!-- pack.Test_classe1 -->
